<?xml version="1.0" encoding="UTF-8" ?>
<testsuite tests="2" failures="1" name="CardTest" time="0.248" errors="0" skipped="0">
  <properties>
[...]
</properties>
  <testcase classname="CardTest" name="CardTest.testGetRank" time="0.002">
    <failure message="Cannot invoke &quot;Card.getRank()&quot; because &quot;instance&quot; is null" type="java.lang.NullPointerException">java.lang.NullPointerException: Cannot invoke &quot;Card.getRank()&quot; because &quot;instance&quot; is null
	at CardTest.testGetRank(CardTest.java:48)
</failure>
    <system-out>getRank
</system-out>
  </testcase>
  <testcase classname="CardTest" name="CardTest.testGetSuit" time="0.246"/>
</testsuite>